<?xml version="1.0" encoding="UTF-8"?>
<coverage generated="1551669591811" clover="3.2.0">
  <project timestamp="1551669591811" name="All files">
    <metrics statements="27" coveredstatements="16" conditionals="0" coveredconditionals="0" methods="14" coveredmethods="3" elements="41" coveredelements="19" complexity="0" loc="27" ncloc="27" packages="3" files="5" classes="5">
      <package name="client.actions">
        <metrics statements="10" coveredstatements="5" conditionals="0" coveredconditionals="0" methods="5" coveredmethods="0"/>
        <file name="portfolio.js" path="/Users/stevetorrens/workspace/portfolio/client/actions/portfolio.js">
          <metrics statements="10" coveredstatements="5" conditionals="0" coveredconditionals="0" methods="5" coveredmethods="0"/>
          <line num="1" count="1" type="stmt"/>
          <line num="2" count="0" type="stmt"/>
          <line num="7" count="1" type="stmt"/>
          <line num="8" count="0" type="stmt"/>
          <line num="13" count="1" type="stmt"/>
          <line num="14" count="0" type="stmt"/>
          <line num="19" count="1" type="stmt"/>
          <line num="20" count="0" type="stmt"/>
          <line num="25" count="1" type="stmt"/>
          <line num="26" count="0" type="stmt"/>
        </file>
      </package>
      <package name="client.components">
        <metrics statements="10" coveredstatements="4" conditionals="0" coveredconditionals="0" methods="9" coveredmethods="3"/>
        <file name="Modal.jsx" path="/Users/stevetorrens/workspace/portfolio/client/components/Modal.jsx">
          <metrics statements="8" coveredstatements="3" conditionals="0" coveredconditionals="0" methods="7" coveredmethods="2"/>
          <line num="10" count="1" type="stmt"/>
          <line num="21" count="0" type="stmt"/>
          <line num="25" count="0" type="stmt"/>
          <line num="28" count="0" type="stmt"/>
          <line num="31" count="0" type="stmt"/>
          <line num="34" count="0" type="stmt"/>
          <line num="43" count="1" type="stmt"/>
          <line num="44" count="1" type="stmt"/>
        </file>
        <file name="Nav.jsx" path="/Users/stevetorrens/workspace/portfolio/client/components/Nav.jsx">
          <metrics statements="2" coveredstatements="1" conditionals="0" coveredconditionals="0" methods="2" coveredmethods="1"/>
          <line num="10" count="1" type="stmt"/>
          <line num="22" count="0" type="stmt"/>
        </file>
      </package>
      <package name="test.client">
        <metrics statements="7" coveredstatements="7" conditionals="0" coveredconditionals="0" methods="0" coveredmethods="0"/>
        <file name="enzymeSetup.js" path="/Users/stevetorrens/workspace/portfolio/test/client/enzymeSetup.js">
          <metrics statements="1" coveredstatements="1" conditionals="0" coveredconditionals="0" methods="0" coveredmethods="0"/>
          <line num="4" count="1" type="stmt"/>
        </file>
        <file name="setup-dom.js" path="/Users/stevetorrens/workspace/portfolio/test/client/setup-dom.js">
          <metrics statements="6" coveredstatements="6" conditionals="0" coveredconditionals="0" methods="0" coveredmethods="0"/>
          <line num="1" count="1" type="stmt"/>
          <line num="3" count="1" type="stmt"/>
          <line num="5" count="1" type="stmt"/>
          <line num="7" count="1" type="stmt"/>
          <line num="8" count="1" type="stmt"/>
          <line num="9" count="1" type="stmt"/>
        </file>
      </package>
    </metrics>
  </project>
</coverage>
