{"/Users/stevetorrens/workspace/portfolio/client/components/Hero.jsx": {"path":"/Users/stevetorrens/workspace/portfolio/client/components/Hero.jsx","statementMap":{"0":{"start":{"line":8,"column":4},"end":{"line":38,"column":5}}},"fnMap":{"0":{"name":"(anonymous_0)","decl":{"start":{"line":7,"column":2},"end":{"line":7,"column":3}},"loc":{"start":{"line":7,"column":11},"end":{"line":38,"column":6}},"line":7}},"branchMap":{},"s":{"0":1},"f":{"0":1},"b":{},"_coverageSchema":"332fd63041d2c1bcb487cc26dd0d5f7d97098a6c","hash":"9b27154f457ef8ce4577ed36d56aaad4430d462f"}
,"/Users/stevetorrens/workspace/portfolio/client/components/Image.jsx": {"path":"/Users/stevetorrens/workspace/portfolio/client/components/Image.jsx","statementMap":{"0":{"start":{"line":5,"column":2},"end":{"line":5,"column":56}},"1":{"start":{"line":8,"column":14},"end":{"line":16,"column":1}},"2":{"start":{"line":9,"column":2},"end":{"line":15,"column":19}}},"fnMap":{"0":{"name":"smallImagePath","decl":{"start":{"line":4,"column":9},"end":{"line":4,"column":23}},"loc":{"start":{"line":4,"column":31},"end":{"line":6,"column":1}},"line":4},"1":{"name":"(anonymous_1)","decl":{"start":{"line":8,"column":14},"end":{"line":8,"column":15}},"loc":{"start":{"line":9,"column":2},"end":{"line":15,"column":19}},"line":9}},"branchMap":{},"s":{"0":0,"1":1,"2":0},"f":{"0":0,"1":0},"b":{},"_coverageSchema":"332fd63041d2c1bcb487cc26dd0d5f7d97098a6c","hash":"c983ef70e0aebfb871b498a76ffcd5730e7d09c3"}
,"/Users/stevetorrens/workspace/portfolio/test/client/enzymeSetup.js": {"path":"/Users/stevetorrens/workspace/portfolio/test/client/enzymeSetup.js","statementMap":{"0":{"start":{"line":4,"column":0},"end":{"line":4,"column":37}}},"fnMap":{},"branchMap":{},"s":{"0":1},"f":{},"b":{},"_coverageSchema":"332fd63041d2c1bcb487cc26dd0d5f7d97098a6c","hash":"806088438afa45d1f103764d1b19ccea26229201"}
}
