TN:
SF:/Users/stevetorrens/workspace/portfolio/client/components/Hero.jsx
FN:7,(anonymous_0)
FNF:1
FNH:1
FNDA:1,(anonymous_0)
DA:8,1
LF:1
LH:1
BRF:0
BRH:0
end_of_record
TN:
SF:/Users/stevetorrens/workspace/portfolio/client/components/Image.jsx
FN:4,smallImagePath
FN:8,(anonymous_1)
FNF:2
FNH:0
FNDA:0,smallImagePath
FNDA:0,(anonymous_1)
DA:5,0
DA:8,1
DA:9,0
LF:3
LH:1
BRF:0
BRH:0
end_of_record
TN:
SF:/Users/stevetorrens/workspace/portfolio/test/client/enzymeSetup.js
FNF:0
FNH:0
DA:4,1
LF:1
LH:1
BRF:0
BRH:0
end_of_record
