TN:
SF:/Users/stevetorrens/workspace/portfolio/client/actions/portfolio.js
FN:1,(anonymous_0)
FN:7,(anonymous_1)
FN:13,(anonymous_2)
FN:19,(anonymous_3)
FN:25,(anonymous_4)
FNF:5
FNH:1
FNDA:0,(anonymous_0)
FNDA:0,(anonymous_1)
FNDA:0,(anonymous_2)
FNDA:1,(anonymous_3)
FNDA:0,(anonymous_4)
DA:1,1
DA:2,0
DA:7,1
DA:8,0
DA:13,1
DA:14,0
DA:19,1
DA:20,1
DA:25,1
DA:26,0
LF:10
LH:6
BRF:0
BRH:0
end_of_record
TN:
SF:/Users/stevetorrens/workspace/portfolio/client/components/Modal.jsx
FN:9,(anonymous_0)
FN:21,(anonymous_1)
FN:25,(anonymous_2)
FN:28,(anonymous_3)
FN:31,(anonymous_4)
FN:34,(anonymous_5)
FN:43,(anonymous_6)
FNF:7
FNH:0
FNDA:0,(anonymous_0)
FNDA:0,(anonymous_1)
FNDA:0,(anonymous_2)
FNDA:0,(anonymous_3)
FNDA:0,(anonymous_4)
FNDA:0,(anonymous_5)
FNDA:0,(anonymous_6)
DA:10,0
DA:21,0
DA:25,0
DA:28,0
DA:31,0
DA:34,0
DA:43,1
DA:44,0
LF:8
LH:1
BRF:0
BRH:0
end_of_record
TN:
SF:/Users/stevetorrens/workspace/portfolio/client/components/Nav.jsx
FN:9,(anonymous_0)
FN:22,(anonymous_1)
FNF:2
FNH:2
FNDA:1,(anonymous_0)
FNDA:1,(anonymous_1)
DA:10,1
DA:22,1
LF:2
LH:2
BRF:0
BRH:0
end_of_record
TN:
SF:/Users/stevetorrens/workspace/portfolio/test/client/enzymeSetup.js
FNF:0
FNH:0
DA:4,1
LF:1
LH:1
BRF:0
BRH:0
end_of_record
